<?xml version="1.0" encoding="UTF-8"?>
<!-- Generated by org.testng.reporters.JUnitXMLReporter -->
<testsuite ignored="5" hostname="DESKTOP-HIFHRK6" failures="0" tests="4" name="Test" time="0.099" errors="0" timestamp="2022-10-07T20:10:42 IST">
  <testcase classname="Grouping_Package.TestClass2" name="TC04" time="0.016"/>
  <testcase classname="Grouping_Package.TestClass2" name="TC06" time="0.003"/>
  <testcase classname="Grouping_Package.TestClass3" name="TC07" time="0.001"/>
  <testcase classname="Grouping_Package.TestClass3" name="TC08" time="0.003"/>
  <testcase classname="Grouping_Package.TestClass2" name="TC05" time="0.0">
    <ignored/>
  </testcase> <!-- TC05 -->
  <testcase classname="Grouping_Package.TestClass1" name="TC01" time="0.0">
    <ignored/>
  </testcase> <!-- TC01 -->
  <testcase classname="Grouping_Package.TestClass1" name="TC02" time="0.0">
    <ignored/>
  </testcase> <!-- TC02 -->
  <testcase classname="Grouping_Package.TestClass1" name="TC03" time="0.0">
    <ignored/>
  </testcase> <!-- TC03 -->
  <testcase classname="Grouping_Package.TestClass3" name="TC09" time="0.0">
    <ignored/>
  </testcase> <!-- TC09 -->
</testsuite> <!-- Test -->
